{
  "stats": {
    "suites": 2,
    "tests": 1,
    "passes": 1,
    "pending": 0,
    "failures": 0,
    "start": "2025-05-12T03:46:47.812Z",
    "end": "2025-05-12T03:46:59.440Z",
    "duration": 11628,
    "testsRegistered": 1,
    "passPercent": 100,
    "pendingPercent": 0,
    "other": 0,
    "hasOther": false,
    "skipped": 0,
    "hasSkipped": false
  },
  "results": [
    {
      "uuid": "bfb66dd0-f4ef-449d-b9ab-64ce180ee348",
      "title": "",
      "fullFile": "cypress\\e2e\\3-test-file\\autodemoSIte.cy.js",
      "file": "cypress\\e2e\\3-test-file\\autodemoSIte.cy.js",
      "beforeHooks": [],
      "afterHooks": [],
      "tests": [],
      "suites": [
        {
          "uuid": "902a06b4-56b4-4fc4-8c41-952f385fb5dc",
          "title": "Advance UI testing",
          "fullFile": "",
          "file": "",
          "beforeHooks": [],
          "afterHooks": [],
          "tests": [],
          "suites": [
            {
              "uuid": "a78d63cc-ffd3-4021-ab86-0705efe84427",
              "title": "e2e testing",
              "fullFile": "",
              "file": "",
              "beforeHooks": [],
              "afterHooks": [],
              "tests": [
                {
                  "title": "Static Dropdown By Index",
                  "fullTitle": "Advance UI testing e2e testing Static Dropdown By Index",
                  "timedOut": null,
                  "duration": 9541,
                  "state": "passed",
                  "speed": "medium",
                  "pass": true,
                  "fail": false,
                  "pending": false,
                  "context": null,
                  "code": "let url = \"https://demo.automationtesting.in/Register.html\";\nlet dropDOwn = `#Skills`;\nlet dropDownXpath = `//select[@id='Skills']`;\nlet optionList = [];\nlet skill = ['Adobe InDesign', 'Content Managment', 'Data Analytics'];\n// Input data\ncy.visit(url, {\n  failOnStatusCode: false\n}); // Ignore load error\ncy.xpath(\"//input[@placeholder='First Name']\").type(\"John\");\ncy.xpath(\"//input[@placeholder='Last Name']\").type(\"Doe\");\ncy.get('.col-md-8 > .form-control').click();\ncy.get('.col-md-8 > .form-control').type(\"Ujung Berung\");\ncy.xpath(\"//input[@type='email']\").type(\"john@doe.com\");\ncy.xpath(\"//input[@type='tel']\").type(\"+6281311437251\");\ncy.xpath(\"//input[@value='Male']\").click();\n//cy.xpath(\"//input[@id='checkbox2']\").click();\n// Dropdown Checkbox secara manual\ncy.xpath(\"//input[@type='checkbox']\").first().check().should('be.checked');\n// Diclick secara otomatis\n//cy.xpath(\"//input[@type='checkbox']\").check(\"Movies\").should('be.checked');\n// Get by equal 2 by index\ncy.xpath(\"//input[@type='checkbox']\").eq(1).check(\"Movies\").should('be.checked');\n// Unchecked\ncy.xpath(\"//input[@type='checkbox']\").eq(1).uncheck().should('not.be.checked');\n// Get By Indexical Numbers dropdown select\n//cy.xpath(\"//select[@id='Skills']\").select(5);\n// Get Dropdown by looping\ncy.get(dropDOwn).find(\"option\").each(function (option) {\n  const optionValue = option.val();\n  optionList.push(optionValue);\n});\ncy.wrap(optionList).should('include.members', skill);\n//cy.wait(3000);\ncy.get(dropDOwn).select('Content Managment').should('have.value', 'Content Managment');\ncy.xpath(\"//span[@class='selection']\").click();\ncy.xpath(\"//input[contains(@class,'select2-search__field')]\").type('Jap');\ncy.wait(3000);\ncy.xpath(\"//li[contains(@class,'select2-results__option') and contains(text(),'Japan')]\").contains('Japan').click();\ncy.xpath(\"//select[@id='yearbox']\").select(\"2015\", {\n  force: true\n});\ncy.xpath(\"//select[@placeholder='Month']\").select(\"January\", {\n  force: true\n});\ncy.xpath(\"//select[@id='daybox']\").select(\"1\", {\n  force: true\n});\ncy.xpath(\"//input[@id='firstpassword']\").type(\"123456789\");\ncy.xpath(\"//input[@id='secondpassword']\").type(\"123456789\");\ncy.xpath(\"//button[@id='submitbtn']\").click();",
                  "err": {},
                  "uuid": "8e394d00-9f31-4dea-b454-8c6c6cc64fe9",
                  "parentUUID": "a78d63cc-ffd3-4021-ab86-0705efe84427",
                  "isHook": false,
                  "skipped": false
                }
              ],
              "suites": [],
              "passes": [
                "8e394d00-9f31-4dea-b454-8c6c6cc64fe9"
              ],
              "failures": [],
              "pending": [],
              "skipped": [],
              "duration": 9541,
              "root": false,
              "rootEmpty": false,
              "_timeout": 2000
            }
          ],
          "passes": [],
          "failures": [],
          "pending": [],
          "skipped": [],
          "duration": 0,
          "root": false,
          "rootEmpty": false,
          "_timeout": 2000
        }
      ],
      "passes": [],
      "failures": [],
      "pending": [],
      "skipped": [],
      "duration": 0,
      "root": true,
      "rootEmpty": true,
      "_timeout": 2000
    }
  ],
  "meta": {
    "mocha": {
      "version": "7.2.0"
    },
    "mochawesome": {
      "options": {
        "quiet": false,
        "reportFilename": "mochawesome",
        "saveHtml": false,
        "saveJson": true,
        "consoleReporter": "spec",
        "useInlineDiffs": false,
        "code": true
      },
      "version": "7.1.3"
    },
    "marge": {
      "options": {
        "reportDir": "cypress/reports",
        "overwrite": false,
        "html": false,
        "json": true
      },
      "version": "6.2.0"
    }
  }
}