{
  "stats": {
    "suites": 1,
    "tests": 6,
    "passes": 6,
    "pending": 0,
    "failures": 0,
    "start": "2025-05-12T03:32:51.835Z",
    "end": "2025-05-12T03:33:06.279Z",
    "duration": 14444,
    "testsRegistered": 6,
    "passPercent": 100,
    "pendingPercent": 0,
    "other": 0,
    "hasOther": false,
    "skipped": 0,
    "hasSkipped": false
  },
  "results": [
    {
      "uuid": "94c3d826-303b-44a1-bec9-070e02eb3973",
      "title": "",
      "fullFile": "cypress\\e2e\\4-e2e-test\\saucedemo-pom.cy.js",
      "file": "cypress\\e2e\\4-e2e-test\\saucedemo-pom.cy.js",
      "beforeHooks": [],
      "afterHooks": [],
      "tests": [],
      "suites": [
        {
          "uuid": "c79357e7-2e40-4f90-ab75-809f828ebbc6",
          "title": "Saucedemo Web Test",
          "fullFile": "",
          "file": "",
          "beforeHooks": [],
          "afterHooks": [],
          "tests": [
            {
              "title": "Login with valid data and add Sauce Labs Pack into Cart",
              "fullTitle": "Saucedemo Web Test Login with valid data and add Sauce Labs Pack into Cart",
              "timedOut": null,
              "duration": 4276,
              "state": "passed",
              "speed": "fast",
              "pass": true,
              "fail": false,
              "pending": false,
              "context": null,
              "code": "_loginPage.default.visit();\n_loginPage.default.fillUsername(this.data.validUser.username);\n_loginPage.default.fillPassword(this.data.validUser.password);\n_loginPage.default.clickLogin();\n_loginPage.default.verifyLoginSuccess();\n// Click Sauce Labs Pack\n_loginPage.default.clickSauceLabsBackpakc();\n// Assertion Validation Products\n_loginPage.default.verifySauceLabsBackpakc();\n// Get Element Button to add into cart\n_loginPage.default.addSauceLabsBakcPacktoCart();\n// Assertion Validation Cart\n_loginPage.default.validationCart();",
              "err": {},
              "uuid": "50bd652c-e167-4e3a-887b-33dd47544d47",
              "parentUUID": "c79357e7-2e40-4f90-ab75-809f828ebbc6",
              "isHook": false,
              "skipped": false
            },
            {
              "title": "Second Version",
              "fullTitle": "Saucedemo Web Test Second Version",
              "timedOut": null,
              "duration": 2132,
              "state": "passed",
              "speed": "fast",
              "pass": true,
              "fail": false,
              "pending": false,
              "context": null,
              "code": "_loginPage.default.loginUser(this.data.validUser);\n_loginPage.default.verifyLoginSuccess();\n// Click Sauce Labs Pack\n_loginPage.default.clickSauceLabsBackpakc();\n// Assertion Validation Products\n_loginPage.default.verifySauceLabsBackpakc();\n// Get Element Button to add into cart\n_loginPage.default.addSauceLabsBakcPacktoCart();\n// Assertion Validation Cart\n_loginPage.default.validationCart();",
              "err": {},
              "uuid": "fb7e62c3-998f-4285-9455-8c8db7402ba1",
              "parentUUID": "c79357e7-2e40-4f90-ab75-809f828ebbc6",
              "isHook": false,
              "skipped": false
            },
            {
              "title": "Login with locked out user",
              "fullTitle": "Saucedemo Web Test Login with locked out user",
              "timedOut": null,
              "duration": 1965,
              "state": "passed",
              "speed": "fast",
              "pass": true,
              "fail": false,
              "pending": false,
              "context": null,
              "code": "_loginPage.default.loginUser(this.data.lockedOutUser);\n_loginPage.default.verifyLoginFailed(this.data.lockedOutUser);",
              "err": {},
              "uuid": "909a2ef6-0593-4696-b430-99177ea8703b",
              "parentUUID": "c79357e7-2e40-4f90-ab75-809f828ebbc6",
              "isHook": false,
              "skipped": false
            },
            {
              "title": "Login with invaliduser",
              "fullTitle": "Saucedemo Web Test Login with invaliduser",
              "timedOut": null,
              "duration": 1830,
              "state": "passed",
              "speed": "fast",
              "pass": true,
              "fail": false,
              "pending": false,
              "context": null,
              "code": "_loginPage.default.loginUser(this.data.invalidUser);\n_loginPage.default.verifyLoginFailed(this.data.invalidUser);",
              "err": {},
              "uuid": "dcc4e62b-20b3-4c7e-b355-071466759986",
              "parentUUID": "c79357e7-2e40-4f90-ab75-809f828ebbc6",
              "isHook": false,
              "skipped": false
            },
            {
              "title": "Add to Cart",
              "fullTitle": "Saucedemo Web Test Add to Cart",
              "timedOut": null,
              "duration": 2089,
              "state": "passed",
              "speed": "fast",
              "pass": true,
              "fail": false,
              "pending": false,
              "context": null,
              "code": "_loginPage.default.loginUser(this.data.validUser);\n_inventoryPage.default.verifyInventoryPage();\n// Add to cart 2 products\n_inventoryPage.default.addProductToCart(this.products.productNames);\n// Verify products\n_inventoryPage.default.verifyCartItemCount(this.products.productNames.length);",
              "err": {},
              "uuid": "21f53907-5c19-4fa4-8740-fdc40bc9083c",
              "parentUUID": "c79357e7-2e40-4f90-ab75-809f828ebbc6",
              "isHook": false,
              "skipped": false
            },
            {
              "title": "Add to Cart with command login",
              "fullTitle": "Saucedemo Web Test Add to Cart with command login",
              "timedOut": null,
              "duration": 1933,
              "state": "passed",
              "speed": "fast",
              "pass": true,
              "fail": false,
              "pending": false,
              "context": null,
              "code": "cy.login(Cypress.env(\"valid_username\"), Cypress.env(\"valid_password\"));\n_inventoryPage.default.verifyInventoryPage();\n// Add to cart 2 products\n_inventoryPage.default.addProductToCart(this.products.productNames);\n// Verify products\n_inventoryPage.default.verifyCartItemCount(this.products.productNames.length);",
              "err": {},
              "uuid": "6de77133-8aa0-428d-b46b-6fe45a2d7ba5",
              "parentUUID": "c79357e7-2e40-4f90-ab75-809f828ebbc6",
              "isHook": false,
              "skipped": false
            }
          ],
          "suites": [],
          "passes": [
            "50bd652c-e167-4e3a-887b-33dd47544d47",
            "fb7e62c3-998f-4285-9455-8c8db7402ba1",
            "909a2ef6-0593-4696-b430-99177ea8703b",
            "dcc4e62b-20b3-4c7e-b355-071466759986",
            "21f53907-5c19-4fa4-8740-fdc40bc9083c",
            "6de77133-8aa0-428d-b46b-6fe45a2d7ba5"
          ],
          "failures": [],
          "pending": [],
          "skipped": [],
          "duration": 14225,
          "root": false,
          "rootEmpty": false,
          "_timeout": 2000
        }
      ],
      "passes": [],
      "failures": [],
      "pending": [],
      "skipped": [],
      "duration": 0,
      "root": true,
      "rootEmpty": true,
      "_timeout": 2000
    }
  ],
  "meta": {
    "mocha": {
      "version": "7.2.0"
    },
    "mochawesome": {
      "options": {
        "quiet": false,
        "reportFilename": "mochawesome",
        "saveHtml": false,
        "saveJson": true,
        "consoleReporter": "spec",
        "useInlineDiffs": false,
        "code": true
      },
      "version": "7.1.3"
    },
    "marge": {
      "options": {
        "reportDir": "cypress/reports",
        "overwrite": false,
        "html": false,
        "json": true
      },
      "version": "6.2.0"
    }
  }
}