{
  "stats": {
    "suites": 2,
    "tests": 1,
    "passes": 1,
    "pending": 0,
    "failures": 0,
    "start": "2025-05-12T03:32:26.252Z",
    "end": "2025-05-12T03:32:38.124Z",
    "duration": 11872,
    "testsRegistered": 1,
    "passPercent": 100,
    "pendingPercent": 0,
    "other": 0,
    "hasOther": false,
    "skipped": 0,
    "hasSkipped": false
  },
  "results": [
    {
      "uuid": "c19f9c5b-08b5-4028-a89f-832d897cb80d",
      "title": "",
      "fullFile": "cypress\\e2e\\3-test-file\\demoqa.cy.js",
      "file": "cypress\\e2e\\3-test-file\\demoqa.cy.js",
      "beforeHooks": [],
      "afterHooks": [],
      "tests": [],
      "suites": [
        {
          "uuid": "0dcf26bf-26b0-4f6b-b924-b794ec345ab6",
          "title": "Advance UI testing",
          "fullFile": "",
          "file": "",
          "beforeHooks": [],
          "afterHooks": [],
          "tests": [],
          "suites": [
            {
              "uuid": "a86bd822-06cf-403b-9414-a3dd11ca3ca0",
              "title": "e2e testing",
              "fullFile": "",
              "file": "",
              "beforeHooks": [],
              "afterHooks": [],
              "tests": [
                {
                  "title": "Get Dropdown Group Value",
                  "fullTitle": "Advance UI testing e2e testing Get Dropdown Group Value",
                  "timedOut": null,
                  "duration": 9130,
                  "state": "passed",
                  "speed": "medium",
                  "pass": true,
                  "fail": false,
                  "pending": false,
                  "context": null,
                  "code": "let url = \"https://demoqa.com/select-menu\";\ncy.visit(url, {\n  failOnStatusCode: false\n}); // Ignore load error\n// Selector components Defined\n// Dropdown #1\ncy.xpath(\"//div[@id='withOptGroup']\").click();\ncy.get('#react-select-2-option-0-0').click();\n// Dropdown #2\ncy.xpath(\"//div[@id='selectOne']\").click();\ncy.get('#react-select-3-option-0-0').click();\n// Dropdown #3\ncy.xpath(\"//select[@id='oldSelectMenu']\").select(4, {\n  force: true\n});\n// Multiple Dropdown #4\ncy.xpath(\"//div[contains(@class,'css-1wa3eu0-placeholder')]\").click();\ncy.get('#react-select-4-option-0').click();\ncy.get('#react-select-4-option-1').click();\ncy.get('#react-select-4-option-2').click();\ncy.get('#react-select-4-option-3').click();\n// Choosing cars\ncy.xpath(\"//select[@id='cars']\").select('Audi', {\n  force: true\n});\n// verify dropdown group value, Group 1, option 1\ncy.xpath(\"(//div[contains(@class,'css-1uccc91-singleValue')])[1]\").should('have.text', 'Group 1, option 1');\n// verify dropdown select one value, Dr.\ncy.xpath(\"(//div[contains(@class,'css-1uccc91-singleValue')])[2]\").should('have.text', 'Dr.');\n// Verify Dropdown select option value, purple\ncy.xpath(\"//option[contains(@value,'4')]\").should('have.value', 4);\n// Verify Multiple Dropdown",
                  "err": {},
                  "uuid": "bf0b81ae-3b40-427f-8b42-eb9ce274c506",
                  "parentUUID": "a86bd822-06cf-403b-9414-a3dd11ca3ca0",
                  "isHook": false,
                  "skipped": false
                }
              ],
              "suites": [],
              "passes": [
                "bf0b81ae-3b40-427f-8b42-eb9ce274c506"
              ],
              "failures": [],
              "pending": [],
              "skipped": [],
              "duration": 9130,
              "root": false,
              "rootEmpty": false,
              "_timeout": 2000
            }
          ],
          "passes": [],
          "failures": [],
          "pending": [],
          "skipped": [],
          "duration": 0,
          "root": false,
          "rootEmpty": false,
          "_timeout": 2000
        }
      ],
      "passes": [],
      "failures": [],
      "pending": [],
      "skipped": [],
      "duration": 0,
      "root": true,
      "rootEmpty": true,
      "_timeout": 2000
    }
  ],
  "meta": {
    "mocha": {
      "version": "7.2.0"
    },
    "mochawesome": {
      "options": {
        "quiet": false,
        "reportFilename": "mochawesome",
        "saveHtml": false,
        "saveJson": true,
        "consoleReporter": "spec",
        "useInlineDiffs": false,
        "code": true
      },
      "version": "7.1.3"
    },
    "marge": {
      "options": {
        "reportDir": "cypress/reports",
        "overwrite": false,
        "html": false,
        "json": true
      },
      "version": "6.2.0"
    }
  }
}