{
  "stats": {
    "suites": 1,
    "tests": 2,
    "passes": 2,
    "pending": 0,
    "failures": 0,
    "start": "2025-05-12T03:41:46.926Z",
    "end": "2025-05-12T03:41:51.048Z",
    "duration": 4122,
    "testsRegistered": 2,
    "passPercent": 100,
    "pendingPercent": 0,
    "other": 0,
    "hasOther": false,
    "skipped": 0,
    "hasSkipped": false
  },
  "results": [
    {
      "uuid": "72f45300-132a-4ba4-90c9-679d3c13bc97",
      "title": "",
      "fullFile": "cypress\\e2e\\4-e2e-test\\saucedemo.cy.js",
      "file": "cypress\\e2e\\4-e2e-test\\saucedemo.cy.js",
      "beforeHooks": [],
      "afterHooks": [],
      "tests": [],
      "suites": [
        {
          "uuid": "fa127696-e480-4b4c-8a7f-8e04428ce436",
          "title": "Saucedemo Web Test",
          "fullFile": "",
          "file": "",
          "beforeHooks": [],
          "afterHooks": [],
          "tests": [
            {
              "title": "Login with valid data and add Sauce Labs Pack into Cart",
              "fullTitle": "Saucedemo Web Test Login with valid data and add Sauce Labs Pack into Cart",
              "timedOut": null,
              "duration": 2492,
              "state": "passed",
              "speed": "fast",
              "pass": true,
              "fail": false,
              "pending": false,
              "context": null,
              "code": "cy.visit(\"/\");\n// Get Element Selector\ncy.xpath(\"//input[@id='user-name']\").type(\"standard_user\");\ncy.xpath(\"//input[@id='password']\").type(\"secret_sauce\");\ncy.xpath(\"//input[@id='login-button']\").click();\n// Assertion Validation\ncy.url().should('include', '/inventory.html');\ncy.xpath(\"//div[@class='app_logo']\").should('be.visible');\n// Click Sauce Labs Pack\ncy.xpath(\"//div[normalize-space()='Sauce Labs Backpack']\").click();\n// Assertion Validation Products\ncy.xpath(\"//img[@alt='Sauce Labs Backpack']\").should('be.visible');\ncy.xpath(\"//div[@class='inventory_details_desc large_size']\").should('have.text', 'carry.allTheThings() with the sleek, streamlined Sly Pack that melds uncompromising style with unequaled laptop and tablet protection.');\ncy.xpath(\"//div[@class='inventory_details_price']\").should('have.text', '$29.99');\n// Get Element Button to add into cart\ncy.xpath(\"//button[@id='add-to-cart']\").click();\n// Assertion Validation Cart\ncy.xpath(\"//span[@class='shopping_cart_badge']\").should('have.text', '1');",
              "err": {},
              "uuid": "0d5cbbe4-c9ce-4705-a63c-20f8b3731c6f",
              "parentUUID": "fa127696-e480-4b4c-8a7f-8e04428ce436",
              "isHook": false,
              "skipped": false
            },
            {
              "title": "Login and add two items into cart",
              "fullTitle": "Saucedemo Web Test Login and add two items into cart",
              "timedOut": null,
              "duration": 1549,
              "state": "passed",
              "speed": "fast",
              "pass": true,
              "fail": false,
              "pending": false,
              "context": null,
              "code": "cy.visit(\"/\");\n// Login\ncy.get(\"#user-name\").type(\"standard_user\");\ncy.get(\"#password\").type(\"secret_sauce\");\ncy.get(\"#login-button\").click();\ncy.url().should('include', '/inventory.html');\ncy.get(\".app_logo\").should(\"have.text\", \"Swag Labs\");\n// Add two items into cart\ncy.get(\"#add-to-cart-sauce-labs-backpack\").click();\ncy.get(\"#add-to-cart-sauce-labs-bike-light\").click();\n// Verify Products\ncy.get(\"[data-test='shopping-cart-badge']\").should('have.text', '2');",
              "err": {},
              "uuid": "1e14a143-3502-446f-b63b-46f7fe00bff7",
              "parentUUID": "fa127696-e480-4b4c-8a7f-8e04428ce436",
              "isHook": false,
              "skipped": false
            }
          ],
          "suites": [],
          "passes": [
            "0d5cbbe4-c9ce-4705-a63c-20f8b3731c6f",
            "1e14a143-3502-446f-b63b-46f7fe00bff7"
          ],
          "failures": [],
          "pending": [],
          "skipped": [],
          "duration": 4041,
          "root": false,
          "rootEmpty": false,
          "_timeout": 2000
        }
      ],
      "passes": [],
      "failures": [],
      "pending": [],
      "skipped": [],
      "duration": 0,
      "root": true,
      "rootEmpty": true,
      "_timeout": 2000
    }
  ],
  "meta": {
    "mocha": {
      "version": "7.2.0"
    },
    "mochawesome": {
      "options": {
        "quiet": false,
        "reportFilename": "mochawesome",
        "saveHtml": false,
        "saveJson": true,
        "consoleReporter": "spec",
        "useInlineDiffs": false,
        "code": true
      },
      "version": "7.1.3"
    },
    "marge": {
      "options": {
        "reportDir": "cypress/reports",
        "overwrite": false,
        "html": false,
        "json": true
      },
      "version": "6.2.0"
    }
  }
}