{
  "stats": {
    "suites": 1,
    "tests": 2,
    "passes": 2,
    "pending": 0,
    "failures": 0,
    "start": "2025-05-11T13:35:28.176Z",
    "end": "2025-05-11T13:35:31.643Z",
    "duration": 3467,
    "testsRegistered": 2,
    "passPercent": 100,
    "pendingPercent": 0,
    "other": 0,
    "hasOther": false,
    "skipped": 0,
    "hasSkipped": false
  },
  "results": [
    {
      "uuid": "15012b6f-441b-4b2a-8f97-e7b6528c5c0f",
      "title": "",
      "fullFile": "cypress\\e2e\\4-e2e-test\\saucedemo.cy.js",
      "file": "cypress\\e2e\\4-e2e-test\\saucedemo.cy.js",
      "beforeHooks": [],
      "afterHooks": [],
      "tests": [],
      "suites": [
        {
          "uuid": "38955851-490f-4577-866d-5f8501030f63",
          "title": "Saucedemo Web Test",
          "fullFile": "",
          "file": "",
          "beforeHooks": [],
          "afterHooks": [],
          "tests": [
            {
              "title": "Login with valid data and add Sauce Labs Pack into Cart",
              "fullTitle": "Saucedemo Web Test Login with valid data and add Sauce Labs Pack into Cart",
              "timedOut": null,
              "duration": 2176,
              "state": "passed",
              "speed": "fast",
              "pass": true,
              "fail": false,
              "pending": false,
              "context": null,
              "code": "cy.visit(\"/\");\n// Get Element Selector\ncy.xpath(\"//input[@id='user-name']\").type(\"standard_user\");\ncy.xpath(\"//input[@id='password']\").type(\"secret_sauce\");\ncy.xpath(\"//input[@id='login-button']\").click();\n// Assertion Validation\ncy.url().should('include', '/inventory.html');\ncy.xpath(\"//div[@class='app_logo']\").should('be.visible');\n// Click Sauce Labs Pack\ncy.xpath(\"//div[normalize-space()='Sauce Labs Backpack']\").click();\n// Assertion Validation Products\ncy.xpath(\"//img[@alt='Sauce Labs Backpack']\").should('be.visible');\ncy.xpath(\"//div[@class='inventory_details_desc large_size']\").should('have.text', 'carry.allTheThings() with the sleek, streamlined Sly Pack that melds uncompromising style with unequaled laptop and tablet protection.');\ncy.xpath(\"//div[@class='inventory_details_price']\").should('have.text', '$29.99');\n// Get Element Button to add into cart\ncy.xpath(\"//button[@id='add-to-cart']\").click();\n// Assertion Validation Cart\ncy.xpath(\"//span[@class='shopping_cart_badge']\").should('have.text', '1');",
              "err": {},
              "uuid": "14204c65-c166-4ca9-a5ed-0b8ec6680cf5",
              "parentUUID": "38955851-490f-4577-866d-5f8501030f63",
              "isHook": false,
              "skipped": false
            },
            {
              "title": "Login and add two items into cart",
              "fullTitle": "Saucedemo Web Test Login and add two items into cart",
              "timedOut": null,
              "duration": 1184,
              "state": "passed",
              "speed": "fast",
              "pass": true,
              "fail": false,
              "pending": false,
              "context": null,
              "code": "cy.visit(\"/\");\n// Login\ncy.get(\"#user-name\").type(\"standard_user\");\ncy.get(\"#password\").type(\"secret_sauce\");\ncy.get(\"#login-button\").click();\ncy.url().should('include', '/inventory.html');\ncy.get(\".app_logo\").should(\"have.text\", \"Swag Labs\");\n// Add two items into cart\ncy.get(\"#add-to-cart-sauce-labs-backpack\").click();\ncy.get(\"#add-to-cart-sauce-labs-bike-light\").click();\n// Verify Products\ncy.get(\"[data-test='shopping-cart-badge']\").should('have.text', '2');",
              "err": {},
              "uuid": "66eff55b-321e-47d5-bdac-e12e2643fbdf",
              "parentUUID": "38955851-490f-4577-866d-5f8501030f63",
              "isHook": false,
              "skipped": false
            }
          ],
          "suites": [],
          "passes": [
            "14204c65-c166-4ca9-a5ed-0b8ec6680cf5",
            "66eff55b-321e-47d5-bdac-e12e2643fbdf"
          ],
          "failures": [],
          "pending": [],
          "skipped": [],
          "duration": 3360,
          "root": false,
          "rootEmpty": false,
          "_timeout": 2000
        }
      ],
      "passes": [],
      "failures": [],
      "pending": [],
      "skipped": [],
      "duration": 0,
      "root": true,
      "rootEmpty": true,
      "_timeout": 2000
    }
  ],
  "meta": {
    "mocha": {
      "version": "7.2.0"
    },
    "mochawesome": {
      "options": {
        "quiet": false,
        "reportFilename": "mochawesome",
        "saveHtml": false,
        "saveJson": true,
        "consoleReporter": "spec",
        "useInlineDiffs": false,
        "code": true
      },
      "version": "7.1.3"
    },
    "marge": {
      "options": {
        "reportDir": "cypress/reports",
        "overwrite": false,
        "html": false,
        "json": true
      },
      "version": "6.2.0"
    }
  }
}