{
  "stats": {
    "suites": 1,
    "tests": 6,
    "passes": 6,
    "pending": 0,
    "failures": 0,
    "start": "2025-05-11T13:35:11.547Z",
    "end": "2025-05-11T13:35:26.240Z",
    "duration": 14693,
    "testsRegistered": 6,
    "passPercent": 100,
    "pendingPercent": 0,
    "other": 0,
    "hasOther": false,
    "skipped": 0,
    "hasSkipped": false
  },
  "results": [
    {
      "uuid": "a4d533e6-f31b-4a37-b23c-2adcf1ec5879",
      "title": "",
      "fullFile": "cypress\\e2e\\4-e2e-test\\saucedemo-pom.cy.js",
      "file": "cypress\\e2e\\4-e2e-test\\saucedemo-pom.cy.js",
      "beforeHooks": [],
      "afterHooks": [],
      "tests": [],
      "suites": [
        {
          "uuid": "1a428d01-1d9a-4e7d-bb73-a3cce82f329d",
          "title": "Saucedemo Web Test",
          "fullFile": "",
          "file": "",
          "beforeHooks": [],
          "afterHooks": [],
          "tests": [
            {
              "title": "Login with valid data and add Sauce Labs Pack into Cart",
              "fullTitle": "Saucedemo Web Test Login with valid data and add Sauce Labs Pack into Cart",
              "timedOut": null,
              "duration": 4691,
              "state": "passed",
              "speed": "fast",
              "pass": true,
              "fail": false,
              "pending": false,
              "context": null,
              "code": "_loginPage.default.visit();\n_loginPage.default.fillUsername(this.data.validUser.username);\n_loginPage.default.fillPassword(this.data.validUser.password);\n_loginPage.default.clickLogin();\n_loginPage.default.verifyLoginSuccess();\n// Click Sauce Labs Pack\n_loginPage.default.clickSauceLabsBackpakc();\n// Assertion Validation Products\n_loginPage.default.verifySauceLabsBackpakc();\n// Get Element Button to add into cart\n_loginPage.default.addSauceLabsBakcPacktoCart();\n// Assertion Validation Cart\n_loginPage.default.validationCart();",
              "err": {},
              "uuid": "24ab5716-75a0-48d3-aa27-d46955fc892c",
              "parentUUID": "1a428d01-1d9a-4e7d-bb73-a3cce82f329d",
              "isHook": false,
              "skipped": false
            },
            {
              "title": "Second Version",
              "fullTitle": "Saucedemo Web Test Second Version",
              "timedOut": null,
              "duration": 2137,
              "state": "passed",
              "speed": "fast",
              "pass": true,
              "fail": false,
              "pending": false,
              "context": null,
              "code": "_loginPage.default.loginUser(this.data.validUser);\n_loginPage.default.verifyLoginSuccess();\n// Click Sauce Labs Pack\n_loginPage.default.clickSauceLabsBackpakc();\n// Assertion Validation Products\n_loginPage.default.verifySauceLabsBackpakc();\n// Get Element Button to add into cart\n_loginPage.default.addSauceLabsBakcPacktoCart();\n// Assertion Validation Cart\n_loginPage.default.validationCart();",
              "err": {},
              "uuid": "cfde04fe-9d63-4d46-b68a-81c9efcd3bcb",
              "parentUUID": "1a428d01-1d9a-4e7d-bb73-a3cce82f329d",
              "isHook": false,
              "skipped": false
            },
            {
              "title": "Login with locked out user",
              "fullTitle": "Saucedemo Web Test Login with locked out user",
              "timedOut": null,
              "duration": 1916,
              "state": "passed",
              "speed": "fast",
              "pass": true,
              "fail": false,
              "pending": false,
              "context": null,
              "code": "_loginPage.default.loginUser(this.data.lockedOutUser);\n_loginPage.default.verifyLoginFailed(this.data.lockedOutUser);",
              "err": {},
              "uuid": "98ca5775-853a-4489-99ab-f18b1a807dcf",
              "parentUUID": "1a428d01-1d9a-4e7d-bb73-a3cce82f329d",
              "isHook": false,
              "skipped": false
            },
            {
              "title": "Login with invaliduser",
              "fullTitle": "Saucedemo Web Test Login with invaliduser",
              "timedOut": null,
              "duration": 1725,
              "state": "passed",
              "speed": "fast",
              "pass": true,
              "fail": false,
              "pending": false,
              "context": null,
              "code": "_loginPage.default.loginUser(this.data.invalidUser);\n_loginPage.default.verifyLoginFailed(this.data.invalidUser);",
              "err": {},
              "uuid": "fb0cb931-1373-4083-a68e-3ee38536d620",
              "parentUUID": "1a428d01-1d9a-4e7d-bb73-a3cce82f329d",
              "isHook": false,
              "skipped": false
            },
            {
              "title": "Add to Cart",
              "fullTitle": "Saucedemo Web Test Add to Cart",
              "timedOut": null,
              "duration": 2051,
              "state": "passed",
              "speed": "fast",
              "pass": true,
              "fail": false,
              "pending": false,
              "context": null,
              "code": "_loginPage.default.loginUser(this.data.validUser);\n_inventoryPage.default.verifyInventoryPage();\n// Add to cart 2 products\n_inventoryPage.default.addProductToCart(this.products.productNames);\n// Verify products\n_inventoryPage.default.verifyCartItemCount(this.products.productNames.length);",
              "err": {},
              "uuid": "aceaabe0-3dcd-45d6-b51f-b3233256fd4d",
              "parentUUID": "1a428d01-1d9a-4e7d-bb73-a3cce82f329d",
              "isHook": false,
              "skipped": false
            },
            {
              "title": "Add to Cart with command login",
              "fullTitle": "Saucedemo Web Test Add to Cart with command login",
              "timedOut": null,
              "duration": 1925,
              "state": "passed",
              "speed": "fast",
              "pass": true,
              "fail": false,
              "pending": false,
              "context": null,
              "code": "cy.login(Cypress.env(\"valid_username\"), Cypress.env(\"valid_password\"));\n_inventoryPage.default.verifyInventoryPage();\n// Add to cart 2 products\n_inventoryPage.default.addProductToCart(this.products.productNames);\n// Verify products\n_inventoryPage.default.verifyCartItemCount(this.products.productNames.length);",
              "err": {},
              "uuid": "23a5d544-bfcf-4bcb-b562-11a0af911ce3",
              "parentUUID": "1a428d01-1d9a-4e7d-bb73-a3cce82f329d",
              "isHook": false,
              "skipped": false
            }
          ],
          "suites": [],
          "passes": [
            "24ab5716-75a0-48d3-aa27-d46955fc892c",
            "cfde04fe-9d63-4d46-b68a-81c9efcd3bcb",
            "98ca5775-853a-4489-99ab-f18b1a807dcf",
            "fb0cb931-1373-4083-a68e-3ee38536d620",
            "aceaabe0-3dcd-45d6-b51f-b3233256fd4d",
            "23a5d544-bfcf-4bcb-b562-11a0af911ce3"
          ],
          "failures": [],
          "pending": [],
          "skipped": [],
          "duration": 14445,
          "root": false,
          "rootEmpty": false,
          "_timeout": 2000
        }
      ],
      "passes": [],
      "failures": [],
      "pending": [],
      "skipped": [],
      "duration": 0,
      "root": true,
      "rootEmpty": true,
      "_timeout": 2000
    }
  ],
  "meta": {
    "mocha": {
      "version": "7.2.0"
    },
    "mochawesome": {
      "options": {
        "quiet": false,
        "reportFilename": "mochawesome",
        "saveHtml": false,
        "saveJson": true,
        "consoleReporter": "spec",
        "useInlineDiffs": false,
        "code": true
      },
      "version": "7.1.3"
    },
    "marge": {
      "options": {
        "reportDir": "cypress/reports",
        "overwrite": false,
        "html": false,
        "json": true
      },
      "version": "6.2.0"
    }
  }
}