{
  "stats": {
    "suites": 1,
    "tests": 6,
    "passes": 6,
    "pending": 0,
    "failures": 0,
    "start": "2025-05-12T08:31:05.837Z",
    "end": "2025-05-12T08:31:25.537Z",
    "duration": 19700,
    "testsRegistered": 6,
    "passPercent": 100,
    "pendingPercent": 0,
    "other": 0,
    "hasOther": false,
    "skipped": 0,
    "hasSkipped": false
  },
  "results": [
    {
      "uuid": "c8289d96-4a63-45ec-8807-6bd79027d0a7",
      "title": "",
      "fullFile": "cypress\\e2e\\4-e2e-test\\saucedemo-pom.cy.js",
      "file": "cypress\\e2e\\4-e2e-test\\saucedemo-pom.cy.js",
      "beforeHooks": [],
      "afterHooks": [],
      "tests": [],
      "suites": [
        {
          "uuid": "392ff311-8fdf-432c-a143-7b78dade3aec",
          "title": "Saucedemo Web Test",
          "fullFile": "",
          "file": "",
          "beforeHooks": [],
          "afterHooks": [],
          "tests": [
            {
              "title": "Login with valid data and add Sauce Labs Pack into Cart",
              "fullTitle": "Saucedemo Web Test Login with valid data and add Sauce Labs Pack into Cart",
              "timedOut": null,
              "duration": 5680,
              "state": "passed",
              "speed": "medium",
              "pass": true,
              "fail": false,
              "pending": false,
              "context": null,
              "code": "_loginPage.default.visit();\n_loginPage.default.fillUsername(this.data.validUser.username);\n_loginPage.default.fillPassword(this.data.validUser.password);\n_loginPage.default.clickLogin();\n_loginPage.default.verifyLoginSuccess();\n// Click Sauce Labs Pack\n_loginPage.default.clickSauceLabsBackpakc();\n// Assertion Validation Products\n_loginPage.default.verifySauceLabsBackpakc();\n// Get Element Button to add into cart\n_loginPage.default.addSauceLabsBakcPacktoCart();\n// Assertion Validation Cart\n_loginPage.default.validationCart();",
              "err": {},
              "uuid": "1aef75d3-aace-4f4e-89ba-513f7cd6080f",
              "parentUUID": "392ff311-8fdf-432c-a143-7b78dade3aec",
              "isHook": false,
              "skipped": false
            },
            {
              "title": "Second Version",
              "fullTitle": "Saucedemo Web Test Second Version",
              "timedOut": null,
              "duration": 3114,
              "state": "passed",
              "speed": "fast",
              "pass": true,
              "fail": false,
              "pending": false,
              "context": null,
              "code": "_loginPage.default.loginUser(this.data.validUser);\n_loginPage.default.verifyLoginSuccess();\n// Click Sauce Labs Pack\n_loginPage.default.clickSauceLabsBackpakc();\n// Assertion Validation Products\n_loginPage.default.verifySauceLabsBackpakc();\n// Get Element Button to add into cart\n_loginPage.default.addSauceLabsBakcPacktoCart();\n// Assertion Validation Cart\n_loginPage.default.validationCart();",
              "err": {},
              "uuid": "fe5f44fd-03e4-47ef-8ab7-838e5d31cb68",
              "parentUUID": "392ff311-8fdf-432c-a143-7b78dade3aec",
              "isHook": false,
              "skipped": false
            },
            {
              "title": "Login with locked out user",
              "fullTitle": "Saucedemo Web Test Login with locked out user",
              "timedOut": null,
              "duration": 2316,
              "state": "passed",
              "speed": "fast",
              "pass": true,
              "fail": false,
              "pending": false,
              "context": null,
              "code": "_loginPage.default.loginUser(this.data.lockedOutUser);\n_loginPage.default.verifyLoginFailed(this.data.lockedOutUser);",
              "err": {},
              "uuid": "6205fa0a-6896-493e-aa08-d9f9300c1356",
              "parentUUID": "392ff311-8fdf-432c-a143-7b78dade3aec",
              "isHook": false,
              "skipped": false
            },
            {
              "title": "Login with invaliduser",
              "fullTitle": "Saucedemo Web Test Login with invaliduser",
              "timedOut": null,
              "duration": 2444,
              "state": "passed",
              "speed": "fast",
              "pass": true,
              "fail": false,
              "pending": false,
              "context": null,
              "code": "_loginPage.default.loginUser(this.data.invalidUser);\n_loginPage.default.verifyLoginFailed(this.data.invalidUser);",
              "err": {},
              "uuid": "840b0a80-74c5-4d70-bb1a-b5235485cf97",
              "parentUUID": "392ff311-8fdf-432c-a143-7b78dade3aec",
              "isHook": false,
              "skipped": false
            },
            {
              "title": "Add to Cart",
              "fullTitle": "Saucedemo Web Test Add to Cart",
              "timedOut": null,
              "duration": 2713,
              "state": "passed",
              "speed": "fast",
              "pass": true,
              "fail": false,
              "pending": false,
              "context": null,
              "code": "_loginPage.default.loginUser(this.data.validUser);\n_inventoryPage.default.verifyInventoryPage();\n// Add to cart 2 products\n_inventoryPage.default.addProductToCart(this.products.productNames);\n// Verify products\n_inventoryPage.default.verifyCartItemCount(this.products.productNames.length);",
              "err": {},
              "uuid": "85ebf82c-3cea-4a4c-af32-08a6760be1e1",
              "parentUUID": "392ff311-8fdf-432c-a143-7b78dade3aec",
              "isHook": false,
              "skipped": false
            },
            {
              "title": "Add to Cart with command login",
              "fullTitle": "Saucedemo Web Test Add to Cart with command login",
              "timedOut": null,
              "duration": 2981,
              "state": "passed",
              "speed": "fast",
              "pass": true,
              "fail": false,
              "pending": false,
              "context": null,
              "code": "cy.login(Cypress.env(\"valid_username\"), Cypress.env(\"valid_password\"));\n_inventoryPage.default.verifyInventoryPage();\n// Add to cart 2 products\n_inventoryPage.default.addProductToCart(this.products.productNames);\n// Verify products\n_inventoryPage.default.verifyCartItemCount(this.products.productNames.length);",
              "err": {},
              "uuid": "4a14eeb1-fcb3-4ca9-b764-1628856116f7",
              "parentUUID": "392ff311-8fdf-432c-a143-7b78dade3aec",
              "isHook": false,
              "skipped": false
            }
          ],
          "suites": [],
          "passes": [
            "1aef75d3-aace-4f4e-89ba-513f7cd6080f",
            "fe5f44fd-03e4-47ef-8ab7-838e5d31cb68",
            "6205fa0a-6896-493e-aa08-d9f9300c1356",
            "840b0a80-74c5-4d70-bb1a-b5235485cf97",
            "85ebf82c-3cea-4a4c-af32-08a6760be1e1",
            "4a14eeb1-fcb3-4ca9-b764-1628856116f7"
          ],
          "failures": [],
          "pending": [],
          "skipped": [],
          "duration": 19248,
          "root": false,
          "rootEmpty": false,
          "_timeout": 2000
        }
      ],
      "passes": [],
      "failures": [],
      "pending": [],
      "skipped": [],
      "duration": 0,
      "root": true,
      "rootEmpty": true,
      "_timeout": 2000
    }
  ],
  "meta": {
    "mocha": {
      "version": "7.2.0"
    },
    "mochawesome": {
      "options": {
        "quiet": false,
        "reportFilename": "mochawesome",
        "saveHtml": false,
        "saveJson": true,
        "consoleReporter": "spec",
        "useInlineDiffs": false,
        "code": true
      },
      "version": "7.1.3"
    },
    "marge": {
      "options": {
        "reportDir": "cypress/reports",
        "overwrite": false,
        "html": false,
        "json": true
      },
      "version": "6.2.0"
    }
  }
}