{
  "stats": {
    "suites": 1,
    "tests": 6,
    "passes": 6,
    "pending": 0,
    "failures": 0,
    "start": "2025-05-12T03:46:14.428Z",
    "end": "2025-05-12T03:46:28.518Z",
    "duration": 14090,
    "testsRegistered": 6,
    "passPercent": 100,
    "pendingPercent": 0,
    "other": 0,
    "hasOther": false,
    "skipped": 0,
    "hasSkipped": false
  },
  "results": [
    {
      "uuid": "cf156818-a834-4d31-a2dd-59903d41504b",
      "title": "",
      "fullFile": "cypress\\e2e\\4-e2e-test\\saucedemo-pom.cy.js",
      "file": "cypress\\e2e\\4-e2e-test\\saucedemo-pom.cy.js",
      "beforeHooks": [],
      "afterHooks": [],
      "tests": [],
      "suites": [
        {
          "uuid": "4bd64da8-41c9-49fc-bf03-83256f5a9326",
          "title": "Saucedemo Web Test",
          "fullFile": "",
          "file": "",
          "beforeHooks": [],
          "afterHooks": [],
          "tests": [
            {
              "title": "Login with valid data and add Sauce Labs Pack into Cart",
              "fullTitle": "Saucedemo Web Test Login with valid data and add Sauce Labs Pack into Cart",
              "timedOut": null,
              "duration": 4177,
              "state": "passed",
              "speed": "fast",
              "pass": true,
              "fail": false,
              "pending": false,
              "context": null,
              "code": "_loginPage.default.visit();\n_loginPage.default.fillUsername(this.data.validUser.username);\n_loginPage.default.fillPassword(this.data.validUser.password);\n_loginPage.default.clickLogin();\n_loginPage.default.verifyLoginSuccess();\n// Click Sauce Labs Pack\n_loginPage.default.clickSauceLabsBackpakc();\n// Assertion Validation Products\n_loginPage.default.verifySauceLabsBackpakc();\n// Get Element Button to add into cart\n_loginPage.default.addSauceLabsBakcPacktoCart();\n// Assertion Validation Cart\n_loginPage.default.validationCart();",
              "err": {},
              "uuid": "1c5d30b4-d773-4fdb-bb83-c73155e0af23",
              "parentUUID": "4bd64da8-41c9-49fc-bf03-83256f5a9326",
              "isHook": false,
              "skipped": false
            },
            {
              "title": "Second Version",
              "fullTitle": "Saucedemo Web Test Second Version",
              "timedOut": null,
              "duration": 2249,
              "state": "passed",
              "speed": "fast",
              "pass": true,
              "fail": false,
              "pending": false,
              "context": null,
              "code": "_loginPage.default.loginUser(this.data.validUser);\n_loginPage.default.verifyLoginSuccess();\n// Click Sauce Labs Pack\n_loginPage.default.clickSauceLabsBackpakc();\n// Assertion Validation Products\n_loginPage.default.verifySauceLabsBackpakc();\n// Get Element Button to add into cart\n_loginPage.default.addSauceLabsBakcPacktoCart();\n// Assertion Validation Cart\n_loginPage.default.validationCart();",
              "err": {},
              "uuid": "738b2103-94c6-4435-83d7-0f1cb83f91bf",
              "parentUUID": "4bd64da8-41c9-49fc-bf03-83256f5a9326",
              "isHook": false,
              "skipped": false
            },
            {
              "title": "Login with locked out user",
              "fullTitle": "Saucedemo Web Test Login with locked out user",
              "timedOut": null,
              "duration": 1879,
              "state": "passed",
              "speed": "fast",
              "pass": true,
              "fail": false,
              "pending": false,
              "context": null,
              "code": "_loginPage.default.loginUser(this.data.lockedOutUser);\n_loginPage.default.verifyLoginFailed(this.data.lockedOutUser);",
              "err": {},
              "uuid": "ad408185-8ed0-4aea-b168-6bdf20e845dd",
              "parentUUID": "4bd64da8-41c9-49fc-bf03-83256f5a9326",
              "isHook": false,
              "skipped": false
            },
            {
              "title": "Login with invaliduser",
              "fullTitle": "Saucedemo Web Test Login with invaliduser",
              "timedOut": null,
              "duration": 1665,
              "state": "passed",
              "speed": "fast",
              "pass": true,
              "fail": false,
              "pending": false,
              "context": null,
              "code": "_loginPage.default.loginUser(this.data.invalidUser);\n_loginPage.default.verifyLoginFailed(this.data.invalidUser);",
              "err": {},
              "uuid": "bec9dd3c-e1ad-4282-a07f-97ce9d264106",
              "parentUUID": "4bd64da8-41c9-49fc-bf03-83256f5a9326",
              "isHook": false,
              "skipped": false
            },
            {
              "title": "Add to Cart",
              "fullTitle": "Saucedemo Web Test Add to Cart",
              "timedOut": null,
              "duration": 2043,
              "state": "passed",
              "speed": "fast",
              "pass": true,
              "fail": false,
              "pending": false,
              "context": null,
              "code": "_loginPage.default.loginUser(this.data.validUser);\n_inventoryPage.default.verifyInventoryPage();\n// Add to cart 2 products\n_inventoryPage.default.addProductToCart(this.products.productNames);\n// Verify products\n_inventoryPage.default.verifyCartItemCount(this.products.productNames.length);",
              "err": {},
              "uuid": "f05dc5d5-b7cc-4221-8b60-d887a3456a27",
              "parentUUID": "4bd64da8-41c9-49fc-bf03-83256f5a9326",
              "isHook": false,
              "skipped": false
            },
            {
              "title": "Add to Cart with command login",
              "fullTitle": "Saucedemo Web Test Add to Cart with command login",
              "timedOut": null,
              "duration": 1849,
              "state": "passed",
              "speed": "fast",
              "pass": true,
              "fail": false,
              "pending": false,
              "context": null,
              "code": "cy.login(Cypress.env(\"valid_username\"), Cypress.env(\"valid_password\"));\n_inventoryPage.default.verifyInventoryPage();\n// Add to cart 2 products\n_inventoryPage.default.addProductToCart(this.products.productNames);\n// Verify products\n_inventoryPage.default.verifyCartItemCount(this.products.productNames.length);",
              "err": {},
              "uuid": "3ab68dc2-9dd4-401a-878c-025717e6f6fe",
              "parentUUID": "4bd64da8-41c9-49fc-bf03-83256f5a9326",
              "isHook": false,
              "skipped": false
            }
          ],
          "suites": [],
          "passes": [
            "1c5d30b4-d773-4fdb-bb83-c73155e0af23",
            "738b2103-94c6-4435-83d7-0f1cb83f91bf",
            "ad408185-8ed0-4aea-b168-6bdf20e845dd",
            "bec9dd3c-e1ad-4282-a07f-97ce9d264106",
            "f05dc5d5-b7cc-4221-8b60-d887a3456a27",
            "3ab68dc2-9dd4-401a-878c-025717e6f6fe"
          ],
          "failures": [],
          "pending": [],
          "skipped": [],
          "duration": 13862,
          "root": false,
          "rootEmpty": false,
          "_timeout": 2000
        }
      ],
      "passes": [],
      "failures": [],
      "pending": [],
      "skipped": [],
      "duration": 0,
      "root": true,
      "rootEmpty": true,
      "_timeout": 2000
    }
  ],
  "meta": {
    "mocha": {
      "version": "7.2.0"
    },
    "mochawesome": {
      "options": {
        "quiet": false,
        "reportFilename": "mochawesome",
        "saveHtml": false,
        "saveJson": true,
        "consoleReporter": "spec",
        "useInlineDiffs": false,
        "code": true
      },
      "version": "7.1.3"
    },
    "marge": {
      "options": {
        "reportDir": "cypress/reports",
        "overwrite": false,
        "html": false,
        "json": true
      },
      "version": "6.2.0"
    }
  }
}