{
  "stats": {
    "suites": 1,
    "tests": 7,
    "passes": 7,
    "pending": 0,
    "failures": 0,
    "start": "2025-05-11T13:39:13.493Z",
    "end": "2025-05-11T13:39:19.950Z",
    "duration": 6457,
    "testsRegistered": 7,
    "passPercent": 100,
    "pendingPercent": 0,
    "other": 0,
    "hasOther": false,
    "skipped": 0,
    "hasSkipped": false
  },
  "results": [
    {
      "uuid": "c5141cef-ebd0-4bad-8812-0b8d8dec6931",
      "title": "",
      "fullFile": "cypress\\e2e\\2-advanced-examples\\spies_stubs_clocks.cy.js",
      "file": "cypress\\e2e\\2-advanced-examples\\spies_stubs_clocks.cy.js",
      "beforeHooks": [],
      "afterHooks": [],
      "tests": [],
      "suites": [
        {
          "uuid": "5805fc81-d314-4520-88d1-268b37dac655",
          "title": "Spies, Stubs, and Clock",
          "fullFile": "",
          "file": "",
          "beforeHooks": [],
          "afterHooks": [],
          "tests": [
            {
              "title": "cy.spy() - wrap a method in a spy",
              "fullTitle": "Spies, Stubs, and Clock cy.spy() - wrap a method in a spy",
              "timedOut": null,
              "duration": 609,
              "state": "passed",
              "speed": "fast",
              "pass": true,
              "fail": false,
              "pending": false,
              "context": null,
              "code": "// https://on.cypress.io/spy\ncy.visit('https://example.cypress.io/commands/spies-stubs-clocks');\nconst obj = {\n  foo() {}\n};\nconst spy = cy.spy(obj, 'foo').as('anyArgs');\nobj.foo();\nexpect(spy).to.be.called;",
              "err": {},
              "uuid": "7688cada-6c9b-44ed-832e-01cb72c8c31d",
              "parentUUID": "5805fc81-d314-4520-88d1-268b37dac655",
              "isHook": false,
              "skipped": false
            },
            {
              "title": "cy.spy() retries until assertions pass",
              "fullTitle": "Spies, Stubs, and Clock cy.spy() retries until assertions pass",
              "timedOut": null,
              "duration": 2541,
              "state": "passed",
              "speed": "fast",
              "pass": true,
              "fail": false,
              "pending": false,
              "context": null,
              "code": "cy.visit('https://example.cypress.io/commands/spies-stubs-clocks');\nconst obj = {\n  /**\n   * Prints the argument passed\n   * @param x {any}\n  */\n  foo(x) {\n    console.log('obj.foo called with', x);\n  }\n};\ncy.spy(obj, 'foo').as('foo');\nsetTimeout(() => {\n  obj.foo('first');\n}, 500);\nsetTimeout(() => {\n  obj.foo('second');\n}, 2500);\ncy.get('@foo').should('have.been.calledTwice');",
              "err": {},
              "uuid": "527ac7f7-a2c9-4ba4-bf3a-dbd368432c9b",
              "parentUUID": "5805fc81-d314-4520-88d1-268b37dac655",
              "isHook": false,
              "skipped": false
            },
            {
              "title": "cy.stub() - create a stub and/or replace a function with stub",
              "fullTitle": "Spies, Stubs, and Clock cy.stub() - create a stub and/or replace a function with stub",
              "timedOut": null,
              "duration": 260,
              "state": "passed",
              "speed": "fast",
              "pass": true,
              "fail": false,
              "pending": false,
              "context": null,
              "code": "// https://on.cypress.io/stub\ncy.visit('https://example.cypress.io/commands/spies-stubs-clocks');\nconst obj = {\n  /**\n   * prints both arguments to the console\n   * @param a {string}\n   * @param b {string}\n  */\n  foo(a, b) {\n    console.log('a', a, 'b', b);\n  }\n};\nconst stub = cy.stub(obj, 'foo').as('foo');\nobj.foo('foo', 'bar');\nexpect(stub).to.be.called;",
              "err": {},
              "uuid": "e19bb81f-2d12-4fd8-a476-3808a85508a8",
              "parentUUID": "5805fc81-d314-4520-88d1-268b37dac655",
              "isHook": false,
              "skipped": false
            },
            {
              "title": "cy.clock() - control time in the browser",
              "fullTitle": "Spies, Stubs, and Clock cy.clock() - control time in the browser",
              "timedOut": null,
              "duration": 375,
              "state": "passed",
              "speed": "fast",
              "pass": true,
              "fail": false,
              "pending": false,
              "context": null,
              "code": "// https://on.cypress.io/clock\n// create the date in UTC so it's always the same\n// no matter what local timezone the browser is running in\nconst now = new Date(Date.UTC(2017, 2, 14)).getTime();\ncy.clock(now);\ncy.visit('https://example.cypress.io/commands/spies-stubs-clocks');\ncy.get('#clock-div').click();\ncy.get('#clock-div').should('have.text', '1489449600');",
              "err": {},
              "uuid": "40ac8b16-1faa-4330-b8bf-8abd92f483aa",
              "parentUUID": "5805fc81-d314-4520-88d1-268b37dac655",
              "isHook": false,
              "skipped": false
            },
            {
              "title": "cy.tick() - move time in the browser",
              "fullTitle": "Spies, Stubs, and Clock cy.tick() - move time in the browser",
              "timedOut": null,
              "duration": 479,
              "state": "passed",
              "speed": "fast",
              "pass": true,
              "fail": false,
              "pending": false,
              "context": null,
              "code": "// https://on.cypress.io/tick\n// create the date in UTC so it's always the same\n// no matter what local timezone the browser is running in\nconst now = new Date(Date.UTC(2017, 2, 14)).getTime();\ncy.clock(now);\ncy.visit('https://example.cypress.io/commands/spies-stubs-clocks');\ncy.get('#tick-div').click();\ncy.get('#tick-div').should('have.text', '1489449600');\ncy.tick(10000); // 10 seconds passed\ncy.get('#tick-div').click();\ncy.get('#tick-div').should('have.text', '1489449610');",
              "err": {},
              "uuid": "7af8d90e-b779-48c6-99b8-3144b654441e",
              "parentUUID": "5805fc81-d314-4520-88d1-268b37dac655",
              "isHook": false,
              "skipped": false
            },
            {
              "title": "cy.stub() matches depending on arguments",
              "fullTitle": "Spies, Stubs, and Clock cy.stub() matches depending on arguments",
              "timedOut": null,
              "duration": 23,
              "state": "passed",
              "speed": "fast",
              "pass": true,
              "fail": false,
              "pending": false,
              "context": null,
              "code": "// see all possible matchers at\n// https://sinonjs.org/releases/latest/matchers/\nconst greeter = {\n  /**\n   * Greets a person\n   * @param {string} name\n  */\n  greet(name) {\n    return `Hello, ${name}!`;\n  }\n};\ncy.stub(greeter, 'greet').callThrough() // if you want non-matched calls to call the real method\n.withArgs(Cypress.sinon.match.string).returns('Hi').withArgs(Cypress.sinon.match.number).throws(new Error('Invalid name'));\nexpect(greeter.greet('World')).to.equal('Hi');\nexpect(() => greeter.greet(42)).to.throw('Invalid name');\nexpect(greeter.greet).to.have.been.calledTwice;\n// non-matched calls goes the actual method\nexpect(greeter.greet()).to.equal('Hello, undefined!');",
              "err": {},
              "uuid": "f6a23ec9-86c3-4aba-9fbd-ecceabaed598",
              "parentUUID": "5805fc81-d314-4520-88d1-268b37dac655",
              "isHook": false,
              "skipped": false
            },
            {
              "title": "matches call arguments using Sinon matchers",
              "fullTitle": "Spies, Stubs, and Clock matches call arguments using Sinon matchers",
              "timedOut": null,
              "duration": 32,
              "state": "passed",
              "speed": "fast",
              "pass": true,
              "fail": false,
              "pending": false,
              "context": null,
              "code": "// see all possible matchers at\n// https://sinonjs.org/releases/latest/matchers/\nconst calculator = {\n  /**\n   * returns the sum of two arguments\n   * @param a {number}\n   * @param b {number}\n  */\n  add(a, b) {\n    return a + b;\n  }\n};\nconst spy = cy.spy(calculator, 'add').as('add');\nexpect(calculator.add(2, 3)).to.equal(5);\n// if we want to assert the exact values used during the call\nexpect(spy).to.be.calledWith(2, 3);\n// let's confirm \"add\" method was called with two numbers\nexpect(spy).to.be.calledWith(Cypress.sinon.match.number, Cypress.sinon.match.number);\n// alternatively, provide the value to match\nexpect(spy).to.be.calledWith(Cypress.sinon.match(2), Cypress.sinon.match(3));\n// match any value\nexpect(spy).to.be.calledWith(Cypress.sinon.match.any, 3);\n// match any value from a list\nexpect(spy).to.be.calledWith(Cypress.sinon.match.in([1, 2, 3]), 3);\n/**\n * Returns true if the given number is even\n * @param {number} x\n */\nconst isEven = x => x % 2 === 0;\n// expect the value to pass a custom predicate function\n// the second argument to \"sinon.match(predicate, message)\" is\n// shown if the predicate does not pass and assertion fails\nexpect(spy).to.be.calledWith(Cypress.sinon.match(isEven, 'isEven'), 3);\n/**\n * Returns a function that checks if a given number is larger than the limit\n * @param {number} limit\n * @returns {(x: number) => boolean}\n */\nconst isGreaterThan = limit => x => x > limit;\n/**\n * Returns a function that checks if a given number is less than the limit\n * @param {number} limit\n * @returns {(x: number) => boolean}\n */\nconst isLessThan = limit => x => x < limit;\n// you can combine several matchers using \"and\", \"or\"\nexpect(spy).to.be.calledWith(Cypress.sinon.match.number, Cypress.sinon.match(isGreaterThan(2), '> 2').and(Cypress.sinon.match(isLessThan(4), '< 4')));\nexpect(spy).to.be.calledWith(Cypress.sinon.match.number, Cypress.sinon.match(isGreaterThan(200), '> 200').or(Cypress.sinon.match(3)));\n// matchers can be used from BDD assertions\ncy.get('@add').should('have.been.calledWith', Cypress.sinon.match.number, Cypress.sinon.match(3));\n// you can alias matchers for shorter test code\nconst {\n  match: M\n} = Cypress.sinon;\ncy.get('@add').should('have.been.calledWith', M.number, M(3));",
              "err": {},
              "uuid": "6bd1e254-0791-48f8-bac3-f7c794df04d6",
              "parentUUID": "5805fc81-d314-4520-88d1-268b37dac655",
              "isHook": false,
              "skipped": false
            }
          ],
          "suites": [],
          "passes": [
            "7688cada-6c9b-44ed-832e-01cb72c8c31d",
            "527ac7f7-a2c9-4ba4-bf3a-dbd368432c9b",
            "e19bb81f-2d12-4fd8-a476-3808a85508a8",
            "40ac8b16-1faa-4330-b8bf-8abd92f483aa",
            "7af8d90e-b779-48c6-99b8-3144b654441e",
            "f6a23ec9-86c3-4aba-9fbd-ecceabaed598",
            "6bd1e254-0791-48f8-bac3-f7c794df04d6"
          ],
          "failures": [],
          "pending": [],
          "skipped": [],
          "duration": 4319,
          "root": false,
          "rootEmpty": false,
          "_timeout": 2000
        }
      ],
      "passes": [],
      "failures": [],
      "pending": [],
      "skipped": [],
      "duration": 0,
      "root": true,
      "rootEmpty": true,
      "_timeout": 2000
    }
  ],
  "meta": {
    "mocha": {
      "version": "7.2.0"
    },
    "mochawesome": {
      "options": {
        "quiet": false,
        "reportFilename": "mochawesome",
        "saveHtml": false,
        "saveJson": true,
        "consoleReporter": "spec",
        "useInlineDiffs": false,
        "code": true
      },
      "version": "7.1.3"
    },
    "marge": {
      "options": {
        "reportDir": "cypress/reports",
        "overwrite": false,
        "html": false,
        "json": true
      },
      "version": "6.2.0"
    }
  }
}