{
  "stats": {
    "suites": 2,
    "tests": 3,
    "passes": 3,
    "pending": 0,
    "failures": 0,
    "start": "2025-05-12T03:47:48.652Z",
    "end": "2025-05-12T03:47:57.803Z",
    "duration": 9151,
    "testsRegistered": 3,
    "passPercent": 100,
    "pendingPercent": 0,
    "other": 0,
    "hasOther": false,
    "skipped": 0,
    "hasSkipped": false
  },
  "results": [
    {
      "uuid": "cb56c756-c11a-4ff7-8e81-187b9bca7320",
      "title": "",
      "fullFile": "cypress\\e2e\\3-test-file\\dropdown.cy.js",
      "file": "cypress\\e2e\\3-test-file\\dropdown.cy.js",
      "beforeHooks": [],
      "afterHooks": [],
      "tests": [],
      "suites": [
        {
          "uuid": "efab360e-78fd-4294-8ad8-0327fbd2ef27",
          "title": "Advance UI testing",
          "fullFile": "",
          "file": "",
          "beforeHooks": [],
          "afterHooks": [],
          "tests": [],
          "suites": [
            {
              "uuid": "41f43a04-24e6-45d2-8859-64710b79496d",
              "title": "e2e testing",
              "fullFile": "",
              "file": "",
              "beforeHooks": [],
              "afterHooks": [],
              "tests": [
                {
                  "title": "Static Dropdown By Index",
                  "fullTitle": "Advance UI testing e2e testing Static Dropdown By Index",
                  "timedOut": null,
                  "duration": 4063,
                  "state": "passed",
                  "speed": "fast",
                  "pass": true,
                  "fail": false,
                  "pending": false,
                  "context": null,
                  "code": "let url = \"https://demo.automationtesting.in/Register.html\";\n// Input data\ncy.visit(url, {\n  failOnStatusCode: false\n}); // Ignore load error\ncy.xpath(\"//input[@placeholder='First Name']\").type(\"John\");\ncy.xpath(\"//input[@placeholder='Last Name']\").type(\"Doe\");\ncy.get('.col-md-8 > .form-control').click();\ncy.get('.col-md-8 > .form-control').type(\"Ujung Berung\");\ncy.xpath(\"//input[@type='email']\").type(\"john@doe.com\");\ncy.xpath(\"//input[@type='tel']\").type(\"123456789\");\ncy.xpath(\"//input[@value='Male']\").click();\ncy.xpath(\"//input[@id='checkbox2']\").click();\n// Get By Indexical Numbers dropdown select\ncy.xpath(\"//select[@id='Skills']\").select(5);",
                  "err": {},
                  "uuid": "448f6754-1407-4cdb-9b6f-08fb3cb47575",
                  "parentUUID": "41f43a04-24e6-45d2-8859-64710b79496d",
                  "isHook": false,
                  "skipped": false
                },
                {
                  "title": "Static Dropdown By Visible Text",
                  "fullTitle": "Advance UI testing e2e testing Static Dropdown By Visible Text",
                  "timedOut": null,
                  "duration": 974,
                  "state": "passed",
                  "speed": "fast",
                  "pass": true,
                  "fail": false,
                  "pending": false,
                  "context": null,
                  "code": "let url = \"https://demo.automationtesting.in/Register.html\";\nlet dropdownXpath = `//select[@id='Skills']`;\ncy.visit(url, {\n  failOnStatusCode: false\n}); // Ignore load error\ncy.xpath(dropdownXpath).select('CSS');",
                  "err": {},
                  "uuid": "a93c656b-bdaa-4ea0-8ef0-b13d8d2e3dbe",
                  "parentUUID": "41f43a04-24e6-45d2-8859-64710b79496d",
                  "isHook": false,
                  "skipped": false
                },
                {
                  "title": "Static Dropdown By Value",
                  "fullTitle": "Advance UI testing e2e testing Static Dropdown By Value",
                  "timedOut": null,
                  "duration": 1610,
                  "state": "passed",
                  "speed": "fast",
                  "pass": true,
                  "fail": false,
                  "pending": false,
                  "context": null,
                  "code": "let url = \"https://demo.automationtesting.in/Register.html\";\nlet dropdownXpath = `//select[@id='Skills']`;\ncy.visit(url, {\n  failOnStatusCode: false\n}); // Ignore load error\ncy.xpath(dropdownXpath).select('APIs');",
                  "err": {},
                  "uuid": "b8ad65dd-fb65-4eee-b094-1a5a9397aa54",
                  "parentUUID": "41f43a04-24e6-45d2-8859-64710b79496d",
                  "isHook": false,
                  "skipped": false
                }
              ],
              "suites": [],
              "passes": [
                "448f6754-1407-4cdb-9b6f-08fb3cb47575",
                "a93c656b-bdaa-4ea0-8ef0-b13d8d2e3dbe",
                "b8ad65dd-fb65-4eee-b094-1a5a9397aa54"
              ],
              "failures": [],
              "pending": [],
              "skipped": [],
              "duration": 6647,
              "root": false,
              "rootEmpty": false,
              "_timeout": 2000
            }
          ],
          "passes": [],
          "failures": [],
          "pending": [],
          "skipped": [],
          "duration": 0,
          "root": false,
          "rootEmpty": false,
          "_timeout": 2000
        }
      ],
      "passes": [],
      "failures": [],
      "pending": [],
      "skipped": [],
      "duration": 0,
      "root": true,
      "rootEmpty": true,
      "_timeout": 2000
    }
  ],
  "meta": {
    "mocha": {
      "version": "7.2.0"
    },
    "mochawesome": {
      "options": {
        "quiet": false,
        "reportFilename": "mochawesome",
        "saveHtml": false,
        "saveJson": true,
        "consoleReporter": "spec",
        "useInlineDiffs": false,
        "code": true
      },
      "version": "7.1.3"
    },
    "marge": {
      "options": {
        "reportDir": "cypress/reports",
        "overwrite": false,
        "html": false,
        "json": true
      },
      "version": "6.2.0"
    }
  }
}