{
  "stats": {
    "suites": 2,
    "tests": 3,
    "passes": 3,
    "pending": 0,
    "failures": 0,
    "start": "2025-05-11T13:37:18.606Z",
    "end": "2025-05-11T13:37:31.980Z",
    "duration": 13374,
    "testsRegistered": 3,
    "passPercent": 100,
    "pendingPercent": 0,
    "other": 0,
    "hasOther": false,
    "skipped": 0,
    "hasSkipped": false
  },
  "results": [
    {
      "uuid": "e241e4c6-f520-4571-919c-604ae838b4c4",
      "title": "",
      "fullFile": "cypress\\e2e\\3-test-file\\dropdown.cy.js",
      "file": "cypress\\e2e\\3-test-file\\dropdown.cy.js",
      "beforeHooks": [],
      "afterHooks": [],
      "tests": [],
      "suites": [
        {
          "uuid": "71c9f547-7a29-40df-bc63-0f728cf4ef26",
          "title": "Advance UI testing",
          "fullFile": "",
          "file": "",
          "beforeHooks": [],
          "afterHooks": [],
          "tests": [],
          "suites": [
            {
              "uuid": "e07cb99e-db22-47ca-a705-074cb1490077",
              "title": "e2e testing",
              "fullFile": "",
              "file": "",
              "beforeHooks": [],
              "afterHooks": [],
              "tests": [
                {
                  "title": "Static Dropdown By Index",
                  "fullTitle": "Advance UI testing e2e testing Static Dropdown By Index",
                  "timedOut": null,
                  "duration": 5693,
                  "state": "passed",
                  "speed": "medium",
                  "pass": true,
                  "fail": false,
                  "pending": false,
                  "context": null,
                  "code": "let url = \"https://demo.automationtesting.in/Register.html\";\n// Input data\ncy.visit(url, {\n  failOnStatusCode: false\n}); // Ignore load error\ncy.xpath(\"//input[@placeholder='First Name']\").type(\"John\");\ncy.xpath(\"//input[@placeholder='Last Name']\").type(\"Doe\");\ncy.get('.col-md-8 > .form-control').click();\ncy.get('.col-md-8 > .form-control').type(\"Ujung Berung\");\ncy.xpath(\"//input[@type='email']\").type(\"john@doe.com\");\ncy.xpath(\"//input[@type='tel']\").type(\"123456789\");\ncy.xpath(\"//input[@value='Male']\").click();\ncy.xpath(\"//input[@id='checkbox2']\").click();\n// Get By Indexical Numbers dropdown select\ncy.xpath(\"//select[@id='Skills']\").select(5);",
                  "err": {},
                  "uuid": "457cb457-befb-4b59-96eb-51689d8fd671",
                  "parentUUID": "e07cb99e-db22-47ca-a705-074cb1490077",
                  "isHook": false,
                  "skipped": false
                },
                {
                  "title": "Static Dropdown By Visible Text",
                  "fullTitle": "Advance UI testing e2e testing Static Dropdown By Visible Text",
                  "timedOut": null,
                  "duration": 2418,
                  "state": "passed",
                  "speed": "fast",
                  "pass": true,
                  "fail": false,
                  "pending": false,
                  "context": null,
                  "code": "let url = \"https://demo.automationtesting.in/Register.html\";\nlet dropdownXpath = `//select[@id='Skills']`;\ncy.visit(url, {\n  failOnStatusCode: false\n}); // Ignore load error\ncy.xpath(dropdownXpath).select('CSS');",
                  "err": {},
                  "uuid": "f10be082-c9bd-4d3a-879a-129ae744384d",
                  "parentUUID": "e07cb99e-db22-47ca-a705-074cb1490077",
                  "isHook": false,
                  "skipped": false
                },
                {
                  "title": "Static Dropdown By Value",
                  "fullTitle": "Advance UI testing e2e testing Static Dropdown By Value",
                  "timedOut": null,
                  "duration": 1700,
                  "state": "passed",
                  "speed": "fast",
                  "pass": true,
                  "fail": false,
                  "pending": false,
                  "context": null,
                  "code": "let url = \"https://demo.automationtesting.in/Register.html\";\nlet dropdownXpath = `//select[@id='Skills']`;\ncy.visit(url, {\n  failOnStatusCode: false\n}); // Ignore load error\ncy.xpath(dropdownXpath).select('APIs');",
                  "err": {},
                  "uuid": "e5be08e8-bf55-4c5f-b862-76926e8f4e9f",
                  "parentUUID": "e07cb99e-db22-47ca-a705-074cb1490077",
                  "isHook": false,
                  "skipped": false
                }
              ],
              "suites": [],
              "passes": [
                "457cb457-befb-4b59-96eb-51689d8fd671",
                "f10be082-c9bd-4d3a-879a-129ae744384d",
                "e5be08e8-bf55-4c5f-b862-76926e8f4e9f"
              ],
              "failures": [],
              "pending": [],
              "skipped": [],
              "duration": 9811,
              "root": false,
              "rootEmpty": false,
              "_timeout": 2000
            }
          ],
          "passes": [],
          "failures": [],
          "pending": [],
          "skipped": [],
          "duration": 0,
          "root": false,
          "rootEmpty": false,
          "_timeout": 2000
        }
      ],
      "passes": [],
      "failures": [],
      "pending": [],
      "skipped": [],
      "duration": 0,
      "root": true,
      "rootEmpty": true,
      "_timeout": 2000
    }
  ],
  "meta": {
    "mocha": {
      "version": "7.2.0"
    },
    "mochawesome": {
      "options": {
        "quiet": false,
        "reportFilename": "mochawesome",
        "saveHtml": false,
        "saveJson": true,
        "consoleReporter": "spec",
        "useInlineDiffs": false,
        "code": true
      },
      "version": "7.1.3"
    },
    "marge": {
      "options": {
        "reportDir": "cypress/reports",
        "overwrite": false,
        "html": false,
        "json": true
      },
      "version": "6.2.0"
    }
  }
}