{
  "stats": {
    "suites": 3,
    "tests": 3,
    "passes": 3,
    "pending": 0,
    "failures": 0,
    "start": "2025-05-12T03:32:01.036Z",
    "end": "2025-05-12T03:32:24.141Z",
    "duration": 23105,
    "testsRegistered": 3,
    "passPercent": 100,
    "pendingPercent": 0,
    "other": 0,
    "hasOther": false,
    "skipped": 0,
    "hasSkipped": false
  },
  "results": [
    {
      "uuid": "3ef7bbd8-16fc-44d5-a4aa-9f94269a3688",
      "title": "",
      "fullFile": "cypress\\e2e\\3-test-file\\coba.cy.js",
      "file": "cypress\\e2e\\3-test-file\\coba.cy.js",
      "beforeHooks": [],
      "afterHooks": [],
      "tests": [],
      "suites": [
        {
          "uuid": "1fe1f95c-8bc2-4bc8-87bb-801ae781768b",
          "title": "Orange HRM Testing UI",
          "fullFile": "",
          "file": "",
          "beforeHooks": [],
          "afterHooks": [],
          "tests": [],
          "suites": [
            {
              "uuid": "44466e26-9fc1-4547-aeaf-2440c019e802",
              "title": "Login",
              "fullFile": "",
              "file": "",
              "beforeHooks": [],
              "afterHooks": [],
              "tests": [
                {
                  "title": "Login with valid data -- Positive Case",
                  "fullTitle": "Orange HRM Testing UI Login Login with valid data -- Positive Case",
                  "timedOut": null,
                  "duration": 5166,
                  "state": "passed",
                  "speed": "medium",
                  "pass": true,
                  "fail": false,
                  "pending": false,
                  "context": null,
                  "code": "cy.xpath(\"//input[@name='username']\").clear().type('Admin');\ncy.xpath(\"//input[@name='password']\").clear().type('admin123');\ncy.xpath(\"//button[@type='submit']\").click();\ncy.url().should('eq', 'https://opensource-demo.orangehrmlive.com/web/index.php/dashboard/index');",
                  "err": {},
                  "uuid": "5efaf6f9-117d-4311-9161-2c5603242987",
                  "parentUUID": "44466e26-9fc1-4547-aeaf-2440c019e802",
                  "isHook": false,
                  "skipped": false
                },
                {
                  "title": "Login with invalid data -- Negative Case",
                  "fullTitle": "Orange HRM Testing UI Login Login with invalid data -- Negative Case",
                  "timedOut": null,
                  "duration": 7159,
                  "state": "passed",
                  "speed": "medium",
                  "pass": true,
                  "fail": false,
                  "pending": false,
                  "context": null,
                  "code": "cy.xpath(\"//input[@name='username']\").clear().type('Admin');\ncy.xpath(\"//input[@name='password']\").clear().type('adminSalah');\ncy.xpath(\"//button[@type='submit']\").click();\ncy.wait(4000); // idealnya ganti dengan explicit wait\ncy.xpath(\"//p[contains(@class, 'oxd-alert-content-text') and text()='Invalid credentials']\").should('be.visible');",
                  "err": {},
                  "uuid": "58f333a2-6378-42e8-8c9c-a56a76ae6dd1",
                  "parentUUID": "44466e26-9fc1-4547-aeaf-2440c019e802",
                  "isHook": false,
                  "skipped": false
                }
              ],
              "suites": [],
              "passes": [
                "5efaf6f9-117d-4311-9161-2c5603242987",
                "58f333a2-6378-42e8-8c9c-a56a76ae6dd1"
              ],
              "failures": [],
              "pending": [],
              "skipped": [],
              "duration": 12325,
              "root": false,
              "rootEmpty": false,
              "_timeout": 2000
            }
          ],
          "passes": [],
          "failures": [],
          "pending": [],
          "skipped": [],
          "duration": 0,
          "root": false,
          "rootEmpty": false,
          "_timeout": 2000
        },
        {
          "uuid": "25da1535-9fe9-473a-a77e-8600dd6013d3",
          "title": "Dashboard Menu",
          "fullFile": "",
          "file": "",
          "beforeHooks": [],
          "afterHooks": [],
          "tests": [
            {
              "title": "Login and Accessing Admin Module -- Positive Case",
              "fullTitle": "Dashboard Menu Login and Accessing Admin Module -- Positive Case",
              "timedOut": null,
              "duration": 8696,
              "state": "passed",
              "speed": "medium",
              "pass": true,
              "fail": false,
              "pending": false,
              "context": null,
              "code": "cy.xpath(\"//input[@name='username']\").clear().type('Admin');\ncy.xpath(\"//input[@name='password']\").clear().type('admin123');\ncy.xpath(\"//button[@type='submit']\").click();\ncy.url().should('eq', 'https://opensource-demo.orangehrmlive.com/web/index.php/dashboard/index');\ncy.wait(4000);\ncy.get(':nth-child(1) > .oxd-main-menu-item').should('be.visible');\ncy.get(':nth-child(1) > .oxd-main-menu-item').click();\n// Verify Admin Menu\ncy.url().should('eq', 'https://opensource-demo.orangehrmlive.com/web/index.php/admin/viewSystemUsers');",
              "err": {},
              "uuid": "3c60ddd4-95a1-4e02-8d41-df4340be7a30",
              "parentUUID": "25da1535-9fe9-473a-a77e-8600dd6013d3",
              "isHook": false,
              "skipped": false
            }
          ],
          "suites": [],
          "passes": [
            "3c60ddd4-95a1-4e02-8d41-df4340be7a30"
          ],
          "failures": [],
          "pending": [],
          "skipped": [],
          "duration": 8696,
          "root": false,
          "rootEmpty": false,
          "_timeout": 2000
        }
      ],
      "passes": [],
      "failures": [],
      "pending": [],
      "skipped": [],
      "duration": 0,
      "root": true,
      "rootEmpty": true,
      "_timeout": 2000
    }
  ],
  "meta": {
    "mocha": {
      "version": "7.2.0"
    },
    "mochawesome": {
      "options": {
        "quiet": false,
        "reportFilename": "mochawesome",
        "saveHtml": false,
        "saveJson": true,
        "consoleReporter": "spec",
        "useInlineDiffs": false,
        "code": true
      },
      "version": "7.1.3"
    },
    "marge": {
      "options": {
        "reportDir": "cypress/reports",
        "overwrite": false,
        "html": false,
        "json": true
      },
      "version": "6.2.0"
    }
  }
}