{
  "stats": {
    "suites": 3,
    "tests": 3,
    "passes": 3,
    "pending": 0,
    "failures": 0,
    "start": "2025-05-11T13:36:17.642Z",
    "end": "2025-05-11T13:36:41.405Z",
    "duration": 23763,
    "testsRegistered": 3,
    "passPercent": 100,
    "pendingPercent": 0,
    "other": 0,
    "hasOther": false,
    "skipped": 0,
    "hasSkipped": false
  },
  "results": [
    {
      "uuid": "81626f3f-b160-4146-ac13-a1c541691a6d",
      "title": "",
      "fullFile": "cypress\\e2e\\3-test-file\\coba.cy.js",
      "file": "cypress\\e2e\\3-test-file\\coba.cy.js",
      "beforeHooks": [],
      "afterHooks": [],
      "tests": [],
      "suites": [
        {
          "uuid": "9c2d743e-f7b1-45ec-a183-0e743a92f636",
          "title": "Orange HRM Testing UI",
          "fullFile": "",
          "file": "",
          "beforeHooks": [],
          "afterHooks": [],
          "tests": [],
          "suites": [
            {
              "uuid": "4dac8842-0c87-49a0-875a-a0516636cf9a",
              "title": "Login",
              "fullFile": "",
              "file": "",
              "beforeHooks": [],
              "afterHooks": [],
              "tests": [
                {
                  "title": "Login with valid data -- Positive Case",
                  "fullTitle": "Orange HRM Testing UI Login Login with valid data -- Positive Case",
                  "timedOut": null,
                  "duration": 5115,
                  "state": "passed",
                  "speed": "medium",
                  "pass": true,
                  "fail": false,
                  "pending": false,
                  "context": null,
                  "code": "cy.xpath(\"//input[@name='username']\").clear().type('Admin');\ncy.xpath(\"//input[@name='password']\").clear().type('admin123');\ncy.xpath(\"//button[@type='submit']\").click();\ncy.url().should('eq', 'https://opensource-demo.orangehrmlive.com/web/index.php/dashboard/index');",
                  "err": {},
                  "uuid": "7744aca7-f1b8-40a1-bf62-667d0d7ad0a0",
                  "parentUUID": "4dac8842-0c87-49a0-875a-a0516636cf9a",
                  "isHook": false,
                  "skipped": false
                },
                {
                  "title": "Login with invalid data -- Negative Case",
                  "fullTitle": "Orange HRM Testing UI Login Login with invalid data -- Negative Case",
                  "timedOut": null,
                  "duration": 7679,
                  "state": "passed",
                  "speed": "medium",
                  "pass": true,
                  "fail": false,
                  "pending": false,
                  "context": null,
                  "code": "cy.xpath(\"//input[@name='username']\").clear().type('Admin');\ncy.xpath(\"//input[@name='password']\").clear().type('adminSalah');\ncy.xpath(\"//button[@type='submit']\").click();\ncy.wait(4000); // idealnya ganti dengan explicit wait\ncy.xpath(\"//p[contains(@class, 'oxd-alert-content-text') and text()='Invalid credentials']\").should('be.visible');",
                  "err": {},
                  "uuid": "0992d2a5-e06f-45a5-b232-8f784380c9db",
                  "parentUUID": "4dac8842-0c87-49a0-875a-a0516636cf9a",
                  "isHook": false,
                  "skipped": false
                }
              ],
              "suites": [],
              "passes": [
                "7744aca7-f1b8-40a1-bf62-667d0d7ad0a0",
                "0992d2a5-e06f-45a5-b232-8f784380c9db"
              ],
              "failures": [],
              "pending": [],
              "skipped": [],
              "duration": 12794,
              "root": false,
              "rootEmpty": false,
              "_timeout": 2000
            }
          ],
          "passes": [],
          "failures": [],
          "pending": [],
          "skipped": [],
          "duration": 0,
          "root": false,
          "rootEmpty": false,
          "_timeout": 2000
        },
        {
          "uuid": "83656b30-af67-460d-8bd6-f10fedcc363b",
          "title": "Dashboard Menu",
          "fullFile": "",
          "file": "",
          "beforeHooks": [],
          "afterHooks": [],
          "tests": [
            {
              "title": "Login and Accessing Admin Module -- Positive Case",
              "fullTitle": "Dashboard Menu Login and Accessing Admin Module -- Positive Case",
              "timedOut": null,
              "duration": 8816,
              "state": "passed",
              "speed": "medium",
              "pass": true,
              "fail": false,
              "pending": false,
              "context": null,
              "code": "cy.xpath(\"//input[@name='username']\").clear().type('Admin');\ncy.xpath(\"//input[@name='password']\").clear().type('admin123');\ncy.xpath(\"//button[@type='submit']\").click();\ncy.url().should('eq', 'https://opensource-demo.orangehrmlive.com/web/index.php/dashboard/index');\ncy.wait(4000);\ncy.get(':nth-child(1) > .oxd-main-menu-item').should('be.visible');\ncy.get(':nth-child(1) > .oxd-main-menu-item').click();\n// Verify Admin Menu\ncy.url().should('eq', 'https://opensource-demo.orangehrmlive.com/web/index.php/admin/viewSystemUsers');",
              "err": {},
              "uuid": "77a2b2e6-6df1-4c22-851e-2ba2b8fbd54e",
              "parentUUID": "83656b30-af67-460d-8bd6-f10fedcc363b",
              "isHook": false,
              "skipped": false
            }
          ],
          "suites": [],
          "passes": [
            "77a2b2e6-6df1-4c22-851e-2ba2b8fbd54e"
          ],
          "failures": [],
          "pending": [],
          "skipped": [],
          "duration": 8816,
          "root": false,
          "rootEmpty": false,
          "_timeout": 2000
        }
      ],
      "passes": [],
      "failures": [],
      "pending": [],
      "skipped": [],
      "duration": 0,
      "root": true,
      "rootEmpty": true,
      "_timeout": 2000
    }
  ],
  "meta": {
    "mocha": {
      "version": "7.2.0"
    },
    "mochawesome": {
      "options": {
        "quiet": false,
        "reportFilename": "mochawesome",
        "saveHtml": false,
        "saveJson": true,
        "consoleReporter": "spec",
        "useInlineDiffs": false,
        "code": true
      },
      "version": "7.1.3"
    },
    "marge": {
      "options": {
        "reportDir": "cypress/reports",
        "overwrite": false,
        "html": false,
        "json": true
      },
      "version": "6.2.0"
    }
  }
}