{
  "stats": {
    "suites": 1,
    "tests": 6,
    "passes": 6,
    "pending": 0,
    "failures": 0,
    "start": "2025-05-12T03:42:36.647Z",
    "end": "2025-05-12T03:42:52.553Z",
    "duration": 15906,
    "testsRegistered": 6,
    "passPercent": 100,
    "pendingPercent": 0,
    "other": 0,
    "hasOther": false,
    "skipped": 0,
    "hasSkipped": false
  },
  "results": [
    {
      "uuid": "74463b29-e026-4539-ad33-f0c419e10d7c",
      "title": "",
      "fullFile": "cypress\\e2e\\4-e2e-test\\saucedemo-pom.cy.js",
      "file": "cypress\\e2e\\4-e2e-test\\saucedemo-pom.cy.js",
      "beforeHooks": [],
      "afterHooks": [],
      "tests": [],
      "suites": [
        {
          "uuid": "854e0560-e1d3-425f-8172-e9941dc892a0",
          "title": "Saucedemo Web Test",
          "fullFile": "",
          "file": "",
          "beforeHooks": [],
          "afterHooks": [],
          "tests": [
            {
              "title": "Login with valid data and add Sauce Labs Pack into Cart",
              "fullTitle": "Saucedemo Web Test Login with valid data and add Sauce Labs Pack into Cart",
              "timedOut": null,
              "duration": 4288,
              "state": "passed",
              "speed": "fast",
              "pass": true,
              "fail": false,
              "pending": false,
              "context": null,
              "code": "_loginPage.default.visit();\n_loginPage.default.fillUsername(this.data.validUser.username);\n_loginPage.default.fillPassword(this.data.validUser.password);\n_loginPage.default.clickLogin();\n_loginPage.default.verifyLoginSuccess();\n// Click Sauce Labs Pack\n_loginPage.default.clickSauceLabsBackpakc();\n// Assertion Validation Products\n_loginPage.default.verifySauceLabsBackpakc();\n// Get Element Button to add into cart\n_loginPage.default.addSauceLabsBakcPacktoCart();\n// Assertion Validation Cart\n_loginPage.default.validationCart();",
              "err": {},
              "uuid": "dde25aae-fbb4-44ef-879a-1d259ee552e4",
              "parentUUID": "854e0560-e1d3-425f-8172-e9941dc892a0",
              "isHook": false,
              "skipped": false
            },
            {
              "title": "Second Version",
              "fullTitle": "Saucedemo Web Test Second Version",
              "timedOut": null,
              "duration": 3203,
              "state": "passed",
              "speed": "fast",
              "pass": true,
              "fail": false,
              "pending": false,
              "context": null,
              "code": "_loginPage.default.loginUser(this.data.validUser);\n_loginPage.default.verifyLoginSuccess();\n// Click Sauce Labs Pack\n_loginPage.default.clickSauceLabsBackpakc();\n// Assertion Validation Products\n_loginPage.default.verifySauceLabsBackpakc();\n// Get Element Button to add into cart\n_loginPage.default.addSauceLabsBakcPacktoCart();\n// Assertion Validation Cart\n_loginPage.default.validationCart();",
              "err": {},
              "uuid": "7fc73e9f-4ff9-429b-9fb7-f13e2b369eac",
              "parentUUID": "854e0560-e1d3-425f-8172-e9941dc892a0",
              "isHook": false,
              "skipped": false
            },
            {
              "title": "Login with locked out user",
              "fullTitle": "Saucedemo Web Test Login with locked out user",
              "timedOut": null,
              "duration": 2069,
              "state": "passed",
              "speed": "fast",
              "pass": true,
              "fail": false,
              "pending": false,
              "context": null,
              "code": "_loginPage.default.loginUser(this.data.lockedOutUser);\n_loginPage.default.verifyLoginFailed(this.data.lockedOutUser);",
              "err": {},
              "uuid": "34927981-607f-418a-b9fb-75c81e190e22",
              "parentUUID": "854e0560-e1d3-425f-8172-e9941dc892a0",
              "isHook": false,
              "skipped": false
            },
            {
              "title": "Login with invaliduser",
              "fullTitle": "Saucedemo Web Test Login with invaliduser",
              "timedOut": null,
              "duration": 1946,
              "state": "passed",
              "speed": "fast",
              "pass": true,
              "fail": false,
              "pending": false,
              "context": null,
              "code": "_loginPage.default.loginUser(this.data.invalidUser);\n_loginPage.default.verifyLoginFailed(this.data.invalidUser);",
              "err": {},
              "uuid": "d1166679-70ec-40f6-8202-370e512c369e",
              "parentUUID": "854e0560-e1d3-425f-8172-e9941dc892a0",
              "isHook": false,
              "skipped": false
            },
            {
              "title": "Add to Cart",
              "fullTitle": "Saucedemo Web Test Add to Cart",
              "timedOut": null,
              "duration": 2121,
              "state": "passed",
              "speed": "fast",
              "pass": true,
              "fail": false,
              "pending": false,
              "context": null,
              "code": "_loginPage.default.loginUser(this.data.validUser);\n_inventoryPage.default.verifyInventoryPage();\n// Add to cart 2 products\n_inventoryPage.default.addProductToCart(this.products.productNames);\n// Verify products\n_inventoryPage.default.verifyCartItemCount(this.products.productNames.length);",
              "err": {},
              "uuid": "9934d02c-e1ac-4da1-bb30-fb551185bc1d",
              "parentUUID": "854e0560-e1d3-425f-8172-e9941dc892a0",
              "isHook": false,
              "skipped": false
            },
            {
              "title": "Add to Cart with command login",
              "fullTitle": "Saucedemo Web Test Add to Cart with command login",
              "timedOut": null,
              "duration": 1978,
              "state": "passed",
              "speed": "fast",
              "pass": true,
              "fail": false,
              "pending": false,
              "context": null,
              "code": "cy.login(Cypress.env(\"valid_username\"), Cypress.env(\"valid_password\"));\n_inventoryPage.default.verifyInventoryPage();\n// Add to cart 2 products\n_inventoryPage.default.addProductToCart(this.products.productNames);\n// Verify products\n_inventoryPage.default.verifyCartItemCount(this.products.productNames.length);",
              "err": {},
              "uuid": "ee26573b-5793-4f82-91f1-d3a979109297",
              "parentUUID": "854e0560-e1d3-425f-8172-e9941dc892a0",
              "isHook": false,
              "skipped": false
            }
          ],
          "suites": [],
          "passes": [
            "dde25aae-fbb4-44ef-879a-1d259ee552e4",
            "7fc73e9f-4ff9-429b-9fb7-f13e2b369eac",
            "34927981-607f-418a-b9fb-75c81e190e22",
            "d1166679-70ec-40f6-8202-370e512c369e",
            "9934d02c-e1ac-4da1-bb30-fb551185bc1d",
            "ee26573b-5793-4f82-91f1-d3a979109297"
          ],
          "failures": [],
          "pending": [],
          "skipped": [],
          "duration": 15605,
          "root": false,
          "rootEmpty": false,
          "_timeout": 2000
        }
      ],
      "passes": [],
      "failures": [],
      "pending": [],
      "skipped": [],
      "duration": 0,
      "root": true,
      "rootEmpty": true,
      "_timeout": 2000
    }
  ],
  "meta": {
    "mocha": {
      "version": "7.2.0"
    },
    "mochawesome": {
      "options": {
        "quiet": false,
        "reportFilename": "mochawesome",
        "saveHtml": false,
        "saveJson": true,
        "consoleReporter": "spec",
        "useInlineDiffs": false,
        "code": true
      },
      "version": "7.1.3"
    },
    "marge": {
      "options": {
        "reportDir": "cypress/reports",
        "overwrite": false,
        "html": false,
        "json": true
      },
      "version": "6.2.0"
    }
  }
}