{
  "stats": {
    "suites": 3,
    "tests": 3,
    "passes": 3,
    "pending": 0,
    "failures": 0,
    "start": "2025-05-12T03:47:09.090Z",
    "end": "2025-05-12T03:47:32.173Z",
    "duration": 23083,
    "testsRegistered": 3,
    "passPercent": 100,
    "pendingPercent": 0,
    "other": 0,
    "hasOther": false,
    "skipped": 0,
    "hasSkipped": false
  },
  "results": [
    {
      "uuid": "d94f25c7-933f-42aa-8fc9-a1d7f65d1165",
      "title": "",
      "fullFile": "cypress\\e2e\\3-test-file\\coba.cy.js",
      "file": "cypress\\e2e\\3-test-file\\coba.cy.js",
      "beforeHooks": [],
      "afterHooks": [],
      "tests": [],
      "suites": [
        {
          "uuid": "a315b2cf-712e-4d3d-818a-9db8663cbaa2",
          "title": "Orange HRM Testing UI",
          "fullFile": "",
          "file": "",
          "beforeHooks": [],
          "afterHooks": [],
          "tests": [],
          "suites": [
            {
              "uuid": "9a5d11b9-08aa-421e-8510-77031c96ac31",
              "title": "Login",
              "fullFile": "",
              "file": "",
              "beforeHooks": [],
              "afterHooks": [],
              "tests": [
                {
                  "title": "Login with valid data -- Positive Case",
                  "fullTitle": "Orange HRM Testing UI Login Login with valid data -- Positive Case",
                  "timedOut": null,
                  "duration": 5153,
                  "state": "passed",
                  "speed": "medium",
                  "pass": true,
                  "fail": false,
                  "pending": false,
                  "context": null,
                  "code": "cy.xpath(\"//input[@name='username']\").clear().type('Admin');\ncy.xpath(\"//input[@name='password']\").clear().type('admin123');\ncy.xpath(\"//button[@type='submit']\").click();\ncy.url().should('eq', 'https://opensource-demo.orangehrmlive.com/web/index.php/dashboard/index');",
                  "err": {},
                  "uuid": "689e385a-2fbb-4f41-b3ce-e9b437c3af13",
                  "parentUUID": "9a5d11b9-08aa-421e-8510-77031c96ac31",
                  "isHook": false,
                  "skipped": false
                },
                {
                  "title": "Login with invalid data -- Negative Case",
                  "fullTitle": "Orange HRM Testing UI Login Login with invalid data -- Negative Case",
                  "timedOut": null,
                  "duration": 7279,
                  "state": "passed",
                  "speed": "medium",
                  "pass": true,
                  "fail": false,
                  "pending": false,
                  "context": null,
                  "code": "cy.xpath(\"//input[@name='username']\").clear().type('Admin');\ncy.xpath(\"//input[@name='password']\").clear().type('adminSalah');\ncy.xpath(\"//button[@type='submit']\").click();\ncy.wait(4000); // idealnya ganti dengan explicit wait\ncy.xpath(\"//p[contains(@class, 'oxd-alert-content-text') and text()='Invalid credentials']\").should('be.visible');",
                  "err": {},
                  "uuid": "ba818cc4-b3fb-48f2-9300-3e9a93a43674",
                  "parentUUID": "9a5d11b9-08aa-421e-8510-77031c96ac31",
                  "isHook": false,
                  "skipped": false
                }
              ],
              "suites": [],
              "passes": [
                "689e385a-2fbb-4f41-b3ce-e9b437c3af13",
                "ba818cc4-b3fb-48f2-9300-3e9a93a43674"
              ],
              "failures": [],
              "pending": [],
              "skipped": [],
              "duration": 12432,
              "root": false,
              "rootEmpty": false,
              "_timeout": 2000
            }
          ],
          "passes": [],
          "failures": [],
          "pending": [],
          "skipped": [],
          "duration": 0,
          "root": false,
          "rootEmpty": false,
          "_timeout": 2000
        },
        {
          "uuid": "901ed3db-b725-40aa-9278-ee7e8173a1d8",
          "title": "Dashboard Menu",
          "fullFile": "",
          "file": "",
          "beforeHooks": [],
          "afterHooks": [],
          "tests": [
            {
              "title": "Login and Accessing Admin Module -- Positive Case",
              "fullTitle": "Dashboard Menu Login and Accessing Admin Module -- Positive Case",
              "timedOut": null,
              "duration": 8412,
              "state": "passed",
              "speed": "medium",
              "pass": true,
              "fail": false,
              "pending": false,
              "context": null,
              "code": "cy.xpath(\"//input[@name='username']\").clear().type('Admin');\ncy.xpath(\"//input[@name='password']\").clear().type('admin123');\ncy.xpath(\"//button[@type='submit']\").click();\ncy.url().should('eq', 'https://opensource-demo.orangehrmlive.com/web/index.php/dashboard/index');\ncy.wait(4000);\ncy.get(':nth-child(1) > .oxd-main-menu-item').should('be.visible');\ncy.get(':nth-child(1) > .oxd-main-menu-item').click();\n// Verify Admin Menu\ncy.url().should('eq', 'https://opensource-demo.orangehrmlive.com/web/index.php/admin/viewSystemUsers');",
              "err": {},
              "uuid": "f896f9ea-a50d-45e4-8ea2-c8002e005dce",
              "parentUUID": "901ed3db-b725-40aa-9278-ee7e8173a1d8",
              "isHook": false,
              "skipped": false
            }
          ],
          "suites": [],
          "passes": [
            "f896f9ea-a50d-45e4-8ea2-c8002e005dce"
          ],
          "failures": [],
          "pending": [],
          "skipped": [],
          "duration": 8412,
          "root": false,
          "rootEmpty": false,
          "_timeout": 2000
        }
      ],
      "passes": [],
      "failures": [],
      "pending": [],
      "skipped": [],
      "duration": 0,
      "root": true,
      "rootEmpty": true,
      "_timeout": 2000
    }
  ],
  "meta": {
    "mocha": {
      "version": "7.2.0"
    },
    "mochawesome": {
      "options": {
        "quiet": false,
        "reportFilename": "mochawesome",
        "saveHtml": false,
        "saveJson": true,
        "consoleReporter": "spec",
        "useInlineDiffs": false,
        "code": true
      },
      "version": "7.1.3"
    },
    "marge": {
      "options": {
        "reportDir": "cypress/reports",
        "overwrite": false,
        "html": false,
        "json": true
      },
      "version": "6.2.0"
    }
  }
}